0 info it worked if it ends with ok
1 verbose cli [ '/usr/bin/node',
1 verbose cli   '/usr/bin/npm',
1 verbose cli   'install',
1 verbose cli   'interface',
1 verbose cli   '—save' ]
2 info using npm@3.5.2
3 info using node@v8.10.0
4 silly loadCurrentTree Starting
5 silly install loadCurrentTree
6 silly install readLocalPackageData
7 silly fetchPackageMetaData interface
8 silly fetchPackageMetaData —save
9 silly fetchNamedPackageData interface
10 silly mapToRegistry name interface
11 silly mapToRegistry using default registry
12 silly mapToRegistry registry https://registry.npmjs.org/
13 silly mapToRegistry uri https://registry.npmjs.org/interface
14 silly fetchOtherPackageData —save
15 silly cache add args [ '—save', null ]
16 verbose cache add spec —save
17 silly cache add parsed spec Result {
17 silly cache add   raw: '—save',
17 silly cache add   scope: null,
17 silly cache add   name: null,
17 silly cache add   rawSpec: '—save',
17 silly cache add   spec: '/home/abood/blockchain/ThirdForthDay/Cryptocurrency/EthToken/—save',
17 silly cache add   type: 'local' }
18 error addLocal Could not install /home/abood/blockchain/ThirdForthDay/Cryptocurrency/EthToken/—save
19 silly fetchPackageMetaData Error: ENOENT: no such file or directory, open '/home/abood/blockchain/ThirdForthDay/Cryptocurrency/EthToken/—save'
19 silly fetchPackageMetaData  error for —save { Error: ENOENT: no such file or directory, open '/home/abood/blockchain/ThirdForthDay/Cryptocurrency/EthToken/—save'
19 silly fetchPackageMetaData   errno: -2,
19 silly fetchPackageMetaData   code: 'ENOENT',
19 silly fetchPackageMetaData   syscall: 'open',
19 silly fetchPackageMetaData   path: '/home/abood/blockchain/ThirdForthDay/Cryptocurrency/EthToken/—save' }
20 verbose request uri https://registry.npmjs.org/interface
21 verbose request no auth needed
22 info attempt registry request try #1 at 11:51:36 AM
23 verbose request id 4ce5483fa2fe3177
24 http request GET https://registry.npmjs.org/interface
25 verbose stack TypeError: The header content contains invalid characters
25 verbose stack     at validateHeader (_http_outgoing.js:494:11)
25 verbose stack     at ClientRequest.setHeader (_http_outgoing.js:498:3)
25 verbose stack     at new ClientRequest (_http_client.js:173:14)
25 verbose stack     at Object.request (http.js:38:10)
25 verbose stack     at Object.request (https.js:239:15)
25 verbose stack     at Request.start (/usr/share/npm/node_modules/request/request.js:793:30)
25 verbose stack     at Request.end (/usr/share/npm/node_modules/request/request.js:1400:10)
25 verbose stack     at end (/usr/share/npm/node_modules/request/request.js:564:14)
25 verbose stack     at Immediate._onImmediate (/usr/share/npm/node_modules/request/request.js:578:7)
25 verbose stack     at runCallback (timers.js:794:20)
26 verbose cwd /home/abood/blockchain/ThirdForthDay/Cryptocurrency/EthToken
27 error Linux 4.15.0-33-generic
28 error argv "/usr/bin/node" "/usr/bin/npm" "install" "interface" "—save"
29 error node v8.10.0
30 error npm  v3.5.2
31 error The header content contains invalid characters
32 error If you need help, you may report this error at:
32 error     <https://github.com/npm/npm/issues>
33 verbose exit [ 1, true ]
